<?xml version="1.0" encoding="UTF-8"?>
<!-- Generated by org.testng.reporters.JUnitXMLReporter -->
<testsuite hostname="DELL-PC" ignored="0" name="free crm" tests="3" failures="0" timestamp="29 Jun 2019 17:32:48 GMT" time="43.021" errors="0">
  <testcase name="loginTitle" time="1.208" classname="com.freecrm.testcases.LoginPageTest"/>
  <testcase name="verifylogin" time="9.374" classname="com.freecrm.testcases.LoginPageTest"/>
  <testcase name="verifyInvalidLogin" time="11.428" classname="com.freecrm.testcases.LoginPageTest"/>
</testsuite> <!-- free crm -->
