<?xml version="1.0" encoding="UTF-8"?>
<!-- Generated by org.testng.reporters.JUnitXMLReporter -->
<testsuite hostname="DELL-PC" ignored="0" name="Default test" tests="3" failures="0" timestamp="29 Jun 2019 17:18:01 GMT" time="45.078" errors="0">
  <testcase name="loginTitle" time="0.444" classname="com.freecrm.testcases.LoginPageTest"/>
  <testcase name="verifylogin" time="9.472" classname="com.freecrm.testcases.LoginPageTest"/>
  <testcase name="verifyInvalidLogin" time="11.007" classname="com.freecrm.testcases.LoginPageTest"/>
</testsuite> <!-- Default test -->
