<?xml version="1.0" encoding="UTF-8"?>
<testng-results skipped="0" failed="0" ignored="0" total="3" passed="3">
  <reporter-output>
  </reporter-output>
  <suite name="Freecrm  application test automation suite" duration-ms="43021" started-at="2019-06-29T17:32:05Z" finished-at="2019-06-29T17:32:48Z">
    <groups>
    </groups>
    <test name="free crm" duration-ms="43021" started-at="2019-06-29T17:32:05Z" finished-at="2019-06-29T17:32:48Z">
      <class name="com.freecrm.testcases.LoginPageTest">
        <test-method status="PASS" signature="setUp()[pri:0, instance:com.freecrm.testcases.LoginPageTest@68c4039c]" name="setUp" is-config="true" duration-ms="7645" started-at="2019-06-29T17:32:05Z" finished-at="2019-06-29T17:32:13Z">
          <reporter-output>
          </reporter-output>
        </test-method> <!-- setUp -->
        <test-method status="PASS" signature="loginTitle()[pri:1, instance:com.freecrm.testcases.LoginPageTest@68c4039c]" name="loginTitle" duration-ms="1208" started-at="2019-06-29T17:32:13Z" finished-at="2019-06-29T17:32:14Z">
          <reporter-output>
          </reporter-output>
        </test-method> <!-- loginTitle -->
        <test-method status="PASS" signature="tearDown()[pri:0, instance:com.freecrm.testcases.LoginPageTest@68c4039c]" name="tearDown" is-config="true" duration-ms="695" started-at="2019-06-29T17:32:14Z" finished-at="2019-06-29T17:32:15Z">
          <reporter-output>
          </reporter-output>
        </test-method> <!-- tearDown -->
        <test-method status="PASS" signature="setUp()[pri:0, instance:com.freecrm.testcases.LoginPageTest@68c4039c]" name="setUp" is-config="true" duration-ms="5858" started-at="2019-06-29T17:32:15Z" finished-at="2019-06-29T17:32:21Z">
          <reporter-output>
          </reporter-output>
        </test-method> <!-- setUp -->
        <test-method status="PASS" signature="verifylogin()[pri:2, instance:com.freecrm.testcases.LoginPageTest@68c4039c]" name="verifylogin" duration-ms="9374" started-at="2019-06-29T17:32:21Z" finished-at="2019-06-29T17:32:30Z">
          <reporter-output>
          </reporter-output>
        </test-method> <!-- verifylogin -->
        <test-method status="PASS" signature="tearDown()[pri:0, instance:com.freecrm.testcases.LoginPageTest@68c4039c]" name="tearDown" is-config="true" duration-ms="537" started-at="2019-06-29T17:32:30Z" finished-at="2019-06-29T17:32:31Z">
          <reporter-output>
          </reporter-output>
        </test-method> <!-- tearDown -->
        <test-method status="PASS" signature="setUp()[pri:0, instance:com.freecrm.testcases.LoginPageTest@68c4039c]" name="setUp" is-config="true" duration-ms="5677" started-at="2019-06-29T17:32:31Z" finished-at="2019-06-29T17:32:36Z">
          <reporter-output>
          </reporter-output>
        </test-method> <!-- setUp -->
        <test-method status="PASS" signature="verifyInvalidLogin()[pri:3, instance:com.freecrm.testcases.LoginPageTest@68c4039c]" name="verifyInvalidLogin" duration-ms="11428" started-at="2019-06-29T17:32:36Z" finished-at="2019-06-29T17:32:48Z">
          <reporter-output>
          </reporter-output>
        </test-method> <!-- verifyInvalidLogin -->
        <test-method status="PASS" signature="tearDown()[pri:0, instance:com.freecrm.testcases.LoginPageTest@68c4039c]" name="tearDown" is-config="true" duration-ms="528" started-at="2019-06-29T17:32:48Z" finished-at="2019-06-29T17:32:48Z">
          <reporter-output>
          </reporter-output>
        </test-method> <!-- tearDown -->
      </class> <!-- com.freecrm.testcases.LoginPageTest -->
    </test> <!-- free crm -->
  </suite> <!-- Freecrm  application test automation suite -->
</testng-results>
